2026-02-26 01:25:52,477 | INFO | Creating SQL Server engine...
2026-02-26 01:25:52,521 | INFO | Connecting to Snowflake...
2026-02-26 01:25:52,522 | INFO | Snowflake Connector for Python Version: 4.3.0, Python Version: 3.11.4, Platform: Windows-10-10.0.26200-SP0
2026-02-26 01:25:52,522 | INFO | Connecting to GLOBAL Snowflake domain
2026-02-26 01:25:55,966 | INFO | Truncating Snowflake target table...
2026-02-26 01:25:56,348 | INFO | Starting high-performance chunk-based load...
2026-02-26 01:26:03,166 | INFO | Processing new chunk...
2026-02-26 01:26:20,947 | INFO | Loaded chunk of 500000 rows
2026-02-26 01:26:28,032 | INFO | Processing new chunk...
2026-02-26 01:26:44,518 | INFO | Loaded chunk of 500000 rows
2026-02-26 01:26:44,592 | INFO | Total rows loaded into Snowflake: 1000000
2026-02-26 01:26:45,006 | INFO | Snowflake Connector for Python Version: 4.3.0, Python Version: 3.11.4, Platform: Windows-10-10.0.26200-SP0
2026-02-26 01:26:45,006 | INFO | Connecting to GLOBAL Snowflake domain
2026-02-26 01:26:47,627 | INFO | ========== STARTING FULL TRANSFORMATION VALIDATIONS ==========
2026-02-26 01:26:47,627 | INFO | Running Aggregate Validation...
2026-02-26 01:26:49,376 | INFO | Aggregate Validation PASSED
2026-02-26 01:26:49,376 | INFO | Running Group By Validation...
2026-02-26 01:26:49,914 | ERROR | Group By Validation FAILED
Source:
  payment_type     cnt
0            1  617622
1            2  378453
2            3    3016
3            4     909
Target:
   payment_type     cnt
0             1  617622
1             2  378453
2             3    3016
3             4     909
2026-02-26 01:26:49,915 | INFO | Running Filter Validation...
2026-02-26 01:26:50,318 | INFO | Filter Validation PASSED
2026-02-26 01:26:50,318 | INFO | Running Join Validation...
2026-02-26 01:26:50,803 | ERROR | Join Validation FAILED
2026-02-26 01:26:50,803 | INFO | Running Order Validation...
2026-02-26 01:26:52,616 | ERROR | Order Validation FAILED
2026-02-26 01:26:52,618 | INFO | Running Regex Validation...
2026-02-26 01:26:52,733 | INFO | Regex Validation PASSED
2026-02-26 01:26:52,733 | INFO | Running Date Function Validation...
2026-02-26 01:26:52,855 | INFO | Date Function Validation PASSED
2026-02-26 01:26:52,855 | INFO | Running Null Validation...
2026-02-26 01:26:52,961 | INFO | Null Validation PASSED - No NULL values found
2026-02-26 01:26:52,961 | INFO | Running Duplicate Validation...
2026-02-26 01:26:53,351 | ERROR | Duplicate Validation FAILED - 44412 duplicate records found
2026-02-26 01:26:53,351 | INFO | ========== ALL VALIDATIONS COMPLETED ==========
